<?xml version="1.0" encoding="UTF-8"?>
<!-- Generated by org.testng.reporters.JUnitReportReporter -->
<testsuite skipped="0" hostname="Harish" name="com.rameshsoft.automation.appln.businessscripts.InstTest" tests="1" failures="0" timestamp="30 Oct 2024 01:29:28 GMT" time="3.408" errors="0">
  <testcase name="instTest" time="3.408" classname="com.rameshsoft.automation.appln.businessscripts.InstTest"/>
</testsuite> <!-- com.rameshsoft.automation.appln.businessscripts.InstTest -->
