<?xml version="1.0" encoding="UTF-8"?>
<!-- Generated by org.testng.reporters.JUnitReportReporter -->
<testsuite skipped="0" hostname="Harish" name="com.rameshsoft.automation.appln.businessscripts.GmailTest" tests="1" failures="0" timestamp="29 Oct 2024 04:04:36 GMT" time="3.125" errors="0">
  <testcase name="gmailLoginTest" time="3.125" classname="com.rameshsoft.automation.appln.businessscripts.GmailTest"/>
</testsuite> <!-- com.rameshsoft.automation.appln.businessscripts.GmailTest -->
