<?xml version="1.0" encoding="UTF-8"?>
<!-- Generated by org.testng.reporters.JUnitReportReporter -->
<testsuite skipped="0" hostname="Harish" name="com.rameshsoft.automation.appln.businessscripts.GmailPomTest" tests="1" failures="0" timestamp="30 Oct 2024 01:29:28 GMT" time="14.476" errors="0">
  <testcase name="GmailPomTest" time="14.476" classname="com.rameshsoft.automation.appln.businessscripts.GmailPomTest"/>
</testsuite> <!-- com.rameshsoft.automation.appln.businessscripts.GmailPomTest -->
