<?xml version="1.0" encoding="UTF-8"?>
<!-- Generated by org.testng.reporters.JUnitReportReporter -->
<testsuite skipped="0" hostname="Harish" name="com.rameshsoft.automation.appln.businessscripts.FpTest" tests="1" failures="0" timestamp="30 Oct 2024 01:29:28 GMT" time="1.391" errors="0">
  <testcase name="FpTest" time="1.391" classname="com.rameshsoft.automation.appln.businessscripts.FpTest"/>
</testsuite> <!-- com.rameshsoft.automation.appln.businessscripts.FpTest -->
